2024-10-15 17:50:10,483 [INFO] Activator:176 - 


2024-10-15 17:50:10,487 [INFO] Activator:177 - !SESSION log4j initialized
2024-10-15 17:50:15,583 [INFO] LogOutputStream:77 - [STDOUT_REDIRECT] 
2024-10-15 17:50:21,431 [INFO] ApplicationProperties:184 - Using Application install path: S:\STM32CubeIDE_1.16.0\STM32CubeIDE\plugins\com.st.stm32cube.common.mx_6.12.0.202406281431
2024-10-15 17:50:21,475 [INFO] DbMcusXml:78 - Set database path to: S:\STM32CubeIDE_1.16.0\STM32CubeIDE\plugins\com.st.stm32cube.common.mx_6.12.0.202406281431\\db\/mcu/
2024-10-15 17:50:21,475 [INFO] ApiDb:274 - Set plugin database path to: S:\STM32CubeIDE_1.16.0\STM32CubeIDE\plugins\com.st.stm32cube.common.mx_6.12.0.202406281431\\db\/plugins/boardmanager/
2024-10-15 17:50:21,477 [WARN] ApiDb:259 - Overriding images path with different value:  => S:\STM32CubeIDE_1.16.0\STM32CubeIDE\plugins\com.st.stm32cube.common.mx_6.12.0.202406281431\\db\/plugins/mcufinder/images/
2024-10-15 17:50:21,490 [INFO] ApiDb:250 - Set database path to: C:\Users\prude\.stmcufinder\plugins\mcufinder//mcu/
2024-10-15 17:50:21,492 [INFO] DbMcusAds:125 - Set database path to: C:\Users\prude\.stmcufinder\plugins\mcufinder//mcu/
2024-10-15 17:50:21,498 [INFO] CrossReferenceDbSqlite:203 - Set database path to: C:\Users\prude\.stmcufinder\plugins\mcufinder//mcu/cs/
2024-10-15 17:50:21,824 [INFO] RulesReader:64 - Compatibility file has been processed (297 Rules)
2024-10-15 17:50:22,040 [INFO] DbMcusXml:78 - Set database path to: S:\STM32CubeIDE_1.16.0\STM32CubeIDE\plugins\com.st.stm32cube.common.mx_6.12.0.202406281431\\db\/mcu/
2024-10-15 17:50:22,041 [INFO] ApiDb:274 - Set plugin database path to: S:\STM32CubeIDE_1.16.0\STM32CubeIDE\plugins\com.st.stm32cube.common.mx_6.12.0.202406281431\\db\/plugins/boardmanager/
2024-10-15 17:50:22,041 [INFO] ApiDb:261 - Set plugin images path to: S:\STM32CubeIDE_1.16.0\STM32CubeIDE\plugins\com.st.stm32cube.common.mx_6.12.0.202406281431\\db\/plugins/mcufinder/images/
2024-10-15 17:50:22,042 [WARN] DbFile:41 - Overriding database path with different value: C:\Users\prude\.stmcufinder\plugins\mcufinder/ => C:\Users\prude\.stmcufinder\plugins\mcufinder
2024-10-15 17:50:22,042 [INFO] ApiDb:250 - Set database path to: C:\Users\prude\.stmcufinder\plugins\mcufinder//mcu/
2024-10-15 17:50:22,042 [WARN] DbFile:41 - Overriding database path with different value: C:\Users\prude\.stmcufinder\plugins\mcufinder/ => C:\Users\prude\.stmcufinder\plugins\mcufinder
2024-10-15 17:50:22,043 [INFO] DbMcusAds:125 - Set database path to: C:\Users\prude\.stmcufinder\plugins\mcufinder//mcu/
2024-10-15 17:50:22,043 [WARN] DbFile:41 - Overriding database path with different value: C:\Users\prude\.stmcufinder\plugins\mcufinder/ => C:\Users\prude\.stmcufinder\plugins\mcufinder
2024-10-15 17:50:22,043 [WARN] DbFile:41 - Overriding database path with different value: C:\Users\prude\.stmcufinder\plugins\mcufinder/ => C:\Users\prude\.stmcufinder\plugins\mcufinder
2024-10-15 17:50:22,044 [INFO] CrossReferenceDbSqlite:203 - Set database path to: C:\Users\prude\.stmcufinder\plugins\mcufinder//mcu/cs/
2024-10-15 17:50:22,248 [INFO] MainPanel:268 - HeapMemory: 268435456
2024-10-15 17:50:22,411 [INFO] DbMcusXml:78 - Set database path to: S:\STM32CubeIDE_1.16.0\STM32CubeIDE\plugins\com.st.stm32cube.common.mx_6.12.0.202406281431\\db\/mcu/
2024-10-15 17:50:22,411 [INFO] ApiDb:274 - Set plugin database path to: S:\STM32CubeIDE_1.16.0\STM32CubeIDE\plugins\com.st.stm32cube.common.mx_6.12.0.202406281431\\db\/plugins/boardmanager/
2024-10-15 17:50:22,412 [INFO] ApiDb:261 - Set plugin images path to: S:\STM32CubeIDE_1.16.0\STM32CubeIDE\plugins\com.st.stm32cube.common.mx_6.12.0.202406281431\\db\/plugins/mcufinder/images/
2024-10-15 17:50:22,412 [WARN] DbFile:41 - Overriding database path with different value: C:\Users\prude\.stmcufinder\plugins\mcufinder/ => C:\Users\prude\.stmcufinder\plugins\mcufinder
2024-10-15 17:50:22,413 [INFO] ApiDb:250 - Set database path to: C:\Users\prude\.stmcufinder\plugins\mcufinder//mcu/
2024-10-15 17:50:22,413 [WARN] DbFile:41 - Overriding database path with different value: C:\Users\prude\.stmcufinder\plugins\mcufinder/ => C:\Users\prude\.stmcufinder\plugins\mcufinder
2024-10-15 17:50:22,413 [INFO] DbMcusAds:125 - Set database path to: C:\Users\prude\.stmcufinder\plugins\mcufinder//mcu/
2024-10-15 17:50:22,413 [WARN] DbFile:41 - Overriding database path with different value: C:\Users\prude\.stmcufinder\plugins\mcufinder/ => C:\Users\prude\.stmcufinder\plugins\mcufinder
2024-10-15 17:50:22,413 [WARN] DbFile:41 - Overriding database path with different value: C:\Users\prude\.stmcufinder\plugins\mcufinder/ => C:\Users\prude\.stmcufinder\plugins\mcufinder
2024-10-15 17:50:22,414 [INFO] CrossReferenceDbSqlite:203 - Set database path to: C:\Users\prude\.stmcufinder\plugins\mcufinder//mcu/cs/
2024-10-15 17:50:22,448 [INFO] ApplicationProperties:184 - Using Application install path: S:\STM32CubeIDE_1.16.0\STM32CubeIDE\plugins\com.st.stm32cube.common.mx_6.12.0.202406281431
2024-10-15 17:50:22,451 [INFO] PluginManage:196 - Search for loadable plugins [exclusion list=, ]
2024-10-15 17:50:22,453 [INFO] PluginManage:310 - Check plugin analytics
2024-10-15 17:50:23,061 [INFO] AnalyticsPlugin:253 - Accepted Software Licenses: STM32CubeMX.6.12.0
2024-10-15 17:50:23,062 [INFO] AnalyticsPlugin:255 - Accepted CMSIS Pack Licenses: 
2024-10-15 17:50:23,062 [INFO] AnalyticsPlugin:257 - Accepted Firmware Licenses: FW.H7.1.11.0,FW.F4.1.28.0
2024-10-15 17:50:23,069 [INFO] PluginManage:359 - Loaded plugin analytics (category:tool,tabindex:-1)
2024-10-15 17:50:23,070 [INFO] PluginManage:310 - Check plugin cadmodel
2024-10-15 17:50:23,078 [INFO] CADModel:105 - Init CAD model plugin
2024-10-15 17:50:23,079 [INFO] PluginManage:359 - Loaded plugin cadmodel (category:power,tabindex:5)
2024-10-15 17:50:23,080 [INFO] PluginManage:310 - Check plugin clock
2024-10-15 17:50:23,112 [INFO] PluginManage:359 - Loaded plugin clock (category:base,tabindex:2)
2024-10-15 17:50:23,114 [INFO] PluginManage:310 - Check plugin ddr
2024-10-15 17:50:23,121 [INFO] PluginManage:359 - Loaded plugin ddr (category:tool,tabindex:6)
2024-10-15 17:50:23,122 [INFO] PluginManage:310 - Check plugin filemanager
2024-10-15 17:50:23,491 [INFO] PluginManage:359 - Loaded plugin filemanager (category:base,tabindex:10)
2024-10-15 17:50:23,492 [INFO] PluginManage:310 - Check plugin ipmanager
2024-10-15 17:50:23,515 [INFO] PluginManage:359 - Loaded plugin ipmanager (category:base,tabindex:5)
2024-10-15 17:50:23,516 [INFO] PluginManage:310 - Check plugin lpbam
2024-10-15 17:50:23,563 [INFO] PluginManage:359 - Loaded plugin lpbam (category:base,tabindex:0)
2024-10-15 17:50:23,564 [INFO] PluginManage:310 - Check plugin memorymap
2024-10-15 17:50:23,609 [INFO] PluginManage:359 - Loaded plugin memorymap (category:base,tabindex:4)
2024-10-15 17:50:23,611 [INFO] PluginManage:310 - Check plugin pinoutandconfiguration
2024-10-15 17:50:23,643 [INFO] PluginManage:359 - Loaded plugin pinoutandconfiguration (category:base,tabindex:1)
2024-10-15 17:50:23,643 [INFO] PluginManage:310 - Check plugin pinoutconfig
2024-10-15 17:50:23,941 [WARN] SupportedApi:132 - Cannot load RTOS API schema: s4s-elt-must-match.1: The content of 'definitions' must match (annotation?, (simpleType | complexType)?, (unique | key | keyref)*)). A problem was found starting at: attribute.
2024-10-15 17:50:24,447 [INFO] PluginManage:359 - Loaded plugin pinoutconfig (category:base,tabindex:0)
2024-10-15 17:50:24,449 [INFO] PluginManage:310 - Check plugin power
2024-10-15 17:50:24,473 [INFO] PluginManage:359 - Loaded plugin power (category:power,tabindex:4)
2024-10-15 17:50:24,474 [INFO] PluginManage:310 - Check plugin projectmanager
2024-10-15 17:50:24,529 [INFO] PluginManage:359 - Loaded plugin projectmanager (category:projectmanager,tabindex:4)
2024-10-15 17:50:24,529 [INFO] PluginManage:310 - Check plugin rif
2024-10-15 17:50:24,542 [INFO] PluginManage:359 - Loaded plugin rif (category:base,tabindex:3)
2024-10-15 17:50:24,543 [INFO] PluginManage:310 - Check plugin thirdparty
2024-10-15 17:50:25,232 [INFO] PluginManage:359 - Loaded plugin thirdparty (category:base,tabindex:-1)
2024-10-15 17:50:25,232 [WARN] IntegrityCheckThread:84 - waiting for thirdparty lock release [integrity check]
2024-10-15 17:50:25,233 [INFO] IntegrityCheckThread:86 - entering critical section [integrity check]
2024-10-15 17:50:25,233 [INFO] PluginManage:310 - Check plugin tools
2024-10-15 17:50:25,234 [INFO] ThirdPartyUpdaterWithRetryManager:70 - Updater plugin not ready yet. [1/15]
2024-10-15 17:50:25,242 [INFO] PluginManage:359 - Loaded plugin tools (category:base,tabindex:7)
2024-10-15 17:50:25,242 [INFO] PluginManage:310 - Check plugin tutovideos
2024-10-15 17:50:25,793 [INFO] PluginManage:359 - Loaded plugin tutovideos (category:base,tabindex:-1)
2024-10-15 17:50:25,794 [INFO] PluginManage:310 - Check plugin updater
2024-10-15 17:50:25,838 [INFO] PluginManage:359 - Loaded plugin updater (category:base,tabindex:12)
2024-10-15 17:50:25,839 [INFO] PluginManage:310 - Check plugin userauth
2024-10-15 17:50:25,856 [INFO] UserAuth:113 - Init User Auth plugin
2024-10-15 17:50:25,857 [INFO] PluginManage:359 - Loaded plugin userauth (category:base,tabindex:14)
2024-10-15 17:50:25,859 [INFO] PluginManage:283 - PluginManage : Loaded plugins [18]
2024-10-15 17:50:26,711 [INFO] PinOutPanel:1561 - setPackage(No Configuration,No Configuration)
2024-10-15 17:50:27,270 [INFO] CADModel:165 - CPN selected for project level
2024-10-15 17:50:27,271 [INFO] CADModel:114 - Register for checkConnection events
2024-10-15 17:50:27,345 [INFO] IPUIPlugin:80 - create IPUIPlugin
2024-10-15 17:50:27,346 [INFO] PluginManager:220 - loadIPPluginJar : add adc
2024-10-15 17:50:27,360 [INFO] IPUIPlugin:80 - create IPUIPlugin
2024-10-15 17:50:27,361 [INFO] PluginManager:220 - loadIPPluginJar : add aes
2024-10-15 17:50:27,371 [INFO] IPUIPlugin:80 - create IPUIPlugin
2024-10-15 17:50:27,373 [INFO] PluginManager:220 - loadIPPluginJar : add can
2024-10-15 17:50:27,380 [INFO] IPUIPlugin:80 - create IPUIPlugin
2024-10-15 17:50:27,381 [INFO] PluginManager:220 - loadIPPluginJar : add comp
2024-10-15 17:50:27,390 [INFO] IPUIPlugin:80 - create IPUIPlugin
2024-10-15 17:50:27,390 [INFO] PluginManager:220 - loadIPPluginJar : add cryp
2024-10-15 17:50:27,400 [INFO] IPUIPlugin:80 - create IPUIPlugin
2024-10-15 17:50:27,400 [INFO] PluginManager:220 - loadIPPluginJar : add ddr_ctrl_phy
2024-10-15 17:50:27,410 [INFO] IPUIPlugin:80 - create IPUIPlugin
2024-10-15 17:50:27,411 [INFO] PluginManager:220 - loadIPPluginJar : add dfsdm
2024-10-15 17:50:27,433 [INFO] IPUIPlugin:80 - create IPUIPlugin
2024-10-15 17:50:27,435 [INFO] PluginManager:220 - loadIPPluginJar : add dma
2024-10-15 17:50:27,474 [INFO] IPUIPlugin:80 - create IPUIPlugin
2024-10-15 17:50:27,475 [INFO] PluginManager:220 - loadIPPluginJar : add dma3
2024-10-15 17:50:27,504 [INFO] IPUIPlugin:80 - create IPUIPlugin
2024-10-15 17:50:27,505 [INFO] PluginManager:220 - loadIPPluginJar : add extmemmanager
2024-10-15 17:50:27,512 [INFO] IPUIPlugin:80 - create IPUIPlugin
2024-10-15 17:50:27,512 [INFO] PluginManager:220 - loadIPPluginJar : add fatfs
2024-10-15 17:50:27,530 [INFO] IPUIPlugin:80 - create IPUIPlugin
2024-10-15 17:50:27,530 [INFO] PluginManager:220 - loadIPPluginJar : add fmc
2024-10-15 17:50:27,550 [INFO] IPUIPlugin:80 - create IPUIPlugin
2024-10-15 17:50:27,551 [INFO] PluginManager:220 - loadIPPluginJar : add freertos
2024-10-15 17:50:27,558 [INFO] IPUIPlugin:80 - create IPUIPlugin
2024-10-15 17:50:27,559 [INFO] PluginManager:220 - loadIPPluginJar : add genericplugin
2024-10-15 17:50:27,567 [INFO] IPUIPlugin:80 - create IPUIPlugin
2024-10-15 17:50:27,568 [INFO] PluginManager:220 - loadIPPluginJar : add gfxmmu
2024-10-15 17:50:27,590 [INFO] IPUIPlugin:80 - create IPUIPlugin
2024-10-15 17:50:27,592 [INFO] PluginManager:220 - loadIPPluginJar : add gic
2024-10-15 17:50:27,614 [INFO] IPUIPlugin:80 - create IPUIPlugin
2024-10-15 17:50:27,615 [INFO] PluginManager:220 - loadIPPluginJar : add gpio
2024-10-15 17:50:27,629 [INFO] IPUIPlugin:80 - create IPUIPlugin
2024-10-15 17:50:27,630 [INFO] PluginManager:220 - loadIPPluginJar : add gtzc
2024-10-15 17:50:27,640 [INFO] IPUIPlugin:80 - create IPUIPlugin
2024-10-15 17:50:27,640 [INFO] PluginManager:220 - loadIPPluginJar : add hash
2024-10-15 17:50:27,650 [INFO] IPUIPlugin:80 - create IPUIPlugin
2024-10-15 17:50:27,651 [INFO] PluginManager:220 - loadIPPluginJar : add i2c
2024-10-15 17:50:27,663 [INFO] IPUIPlugin:80 - create IPUIPlugin
2024-10-15 17:50:27,664 [INFO] PluginManager:220 - loadIPPluginJar : add i2s
2024-10-15 17:50:27,674 [INFO] IPUIPlugin:80 - create IPUIPlugin
2024-10-15 17:50:27,675 [INFO] PluginManager:220 - loadIPPluginJar : add i3c
2024-10-15 17:50:27,686 [INFO] IPUIPlugin:80 - create IPUIPlugin
2024-10-15 17:50:27,688 [INFO] PluginManager:220 - loadIPPluginJar : add ipddr
2024-10-15 17:50:27,719 [INFO] IPUIPlugin:80 - create IPUIPlugin
2024-10-15 17:50:27,721 [INFO] PluginManager:220 - loadIPPluginJar : add linkedlist
2024-10-15 17:50:27,733 [INFO] IPUIPlugin:80 - create IPUIPlugin
2024-10-15 17:50:27,734 [INFO] PluginManager:220 - loadIPPluginJar : add lorawan
2024-10-15 17:50:27,739 [INFO] IPUIPlugin:80 - create IPUIPlugin
2024-10-15 17:50:27,740 [INFO] PluginManager:220 - loadIPPluginJar : add ltdc
2024-10-15 17:50:27,761 [INFO] IPUIPlugin:80 - create IPUIPlugin
2024-10-15 17:50:27,762 [INFO] PluginManager:220 - loadIPPluginJar : add mdma
2024-10-15 17:50:27,775 [INFO] IPUIPlugin:80 - create IPUIPlugin
2024-10-15 17:50:27,776 [INFO] PluginManager:220 - loadIPPluginJar : add nvic
2024-10-15 17:50:27,787 [INFO] IPUIPlugin:80 - create IPUIPlugin
2024-10-15 17:50:27,788 [INFO] PluginManager:220 - loadIPPluginJar : add opamp
2024-10-15 17:50:27,798 [INFO] IPUIPlugin:80 - create IPUIPlugin
2024-10-15 17:50:27,799 [INFO] PluginManager:220 - loadIPPluginJar : add openamp
2024-10-15 17:50:27,812 [INFO] IPUIPlugin:80 - create IPUIPlugin
2024-10-15 17:50:27,813 [INFO] PluginManager:220 - loadIPPluginJar : add pdm2pcm
2024-10-15 17:50:27,837 [INFO] IPUIPlugin:80 - create IPUIPlugin
2024-10-15 17:50:27,850 [INFO] PluginManager:220 - loadIPPluginJar : add plateformsettings
2024-10-15 17:50:27,857 [INFO] IPUIPlugin:80 - create IPUIPlugin
2024-10-15 17:50:27,857 [INFO] PluginManager:220 - loadIPPluginJar : add quadspi
2024-10-15 17:50:27,864 [INFO] IPUIPlugin:80 - create IPUIPlugin
2024-10-15 17:50:27,867 [INFO] PluginManager:220 - loadIPPluginJar : add radio
2024-10-15 17:50:27,878 [INFO] IPUIPlugin:80 - create IPUIPlugin
2024-10-15 17:50:27,878 [INFO] PluginManager:220 - loadIPPluginJar : add resmgrutility
2024-10-15 17:50:27,888 [INFO] IPUIPlugin:80 - create IPUIPlugin
2024-10-15 17:50:27,889 [INFO] PluginManager:220 - loadIPPluginJar : add sai
2024-10-15 17:50:27,897 [INFO] IPUIPlugin:80 - create IPUIPlugin
2024-10-15 17:50:27,897 [INFO] PluginManager:220 - loadIPPluginJar : add spi
2024-10-15 17:50:27,915 [INFO] IPUIPlugin:80 - create IPUIPlugin
2024-10-15 17:50:27,916 [INFO] PluginManager:220 - loadIPPluginJar : add stm32_wpan
2024-10-15 17:50:27,923 [INFO] IPUIPlugin:80 - create IPUIPlugin
2024-10-15 17:50:27,924 [INFO] PluginManager:220 - loadIPPluginJar : add tim
2024-10-15 17:50:27,935 [INFO] IPUIPlugin:80 - create IPUIPlugin
2024-10-15 17:50:27,936 [INFO] PluginManager:220 - loadIPPluginJar : add touchsensing
2024-10-15 17:50:27,942 [INFO] IPUIPlugin:80 - create IPUIPlugin
2024-10-15 17:50:27,943 [INFO] PluginManager:220 - loadIPPluginJar : add tracer_emb
2024-10-15 17:50:27,948 [INFO] IPUIPlugin:80 - create IPUIPlugin
2024-10-15 17:50:27,949 [INFO] PluginManager:220 - loadIPPluginJar : add ts
2024-10-15 17:50:27,955 [INFO] IPUIPlugin:80 - create IPUIPlugin
2024-10-15 17:50:27,956 [INFO] PluginManager:220 - loadIPPluginJar : add tsc
2024-10-15 17:50:27,962 [INFO] IPUIPlugin:80 - create IPUIPlugin
2024-10-15 17:50:27,963 [INFO] PluginManager:220 - loadIPPluginJar : add ucpd
2024-10-15 17:50:27,973 [INFO] IPUIPlugin:80 - create IPUIPlugin
2024-10-15 17:50:27,974 [INFO] PluginManager:220 - loadIPPluginJar : add usart
2024-10-15 17:50:27,982 [INFO] IPUIPlugin:80 - create IPUIPlugin
2024-10-15 17:50:27,983 [INFO] PluginManager:220 - loadIPPluginJar : add usbx
2024-10-15 17:50:28,237 [INFO] ThirdPartyUpdaterWithRetryManager:70 - Updater plugin not ready yet. [2/15]
2024-10-15 17:50:28,322 [INFO] CADModel:165 - CPN selected for project level
2024-10-15 17:50:28,323 [INFO] CADModel:114 - Register for checkConnection events
2024-10-15 17:50:28,324 [FATAL] Updater:334 - Updater called before beeing initialized
2024-10-15 17:50:28,325 [ERROR] CADModel:125 - Updater not yet initialized, retry later 
2024-10-15 17:50:28,964 [INFO] CADModel:165 - CPN selected for project level
2024-10-15 17:50:28,965 [INFO] CADModel:114 - Register for checkConnection events
2024-10-15 17:50:28,966 [FATAL] Updater:334 - Updater called before beeing initialized
2024-10-15 17:50:28,966 [ERROR] CADModel:125 - Updater not yet initialized, retry later 
2024-10-15 17:50:28,987 [FATAL] Updater:334 - Updater called before beeing initialized
2024-10-15 17:50:29,928 [FATAL] Updater:334 - Updater called before beeing initialized
2024-10-15 17:50:29,980 [INFO] DbMcusAds:53 - JSON generation date=Fri Sep 20 10:04:23 BRT 2024 (1726837463113)
2024-10-15 17:50:29,981 [FATAL] Updater:334 - Updater called before beeing initialized
2024-10-15 17:50:30,471 [WARN] DetailPanel:346 - Failed to get advertising image, set to default
2024-10-15 17:50:31,239 [FATAL] Updater:334 - Updater called before beeing initialized
2024-10-15 17:50:31,242 [ERROR] IntegrityCheckThread:130 - Cannot retrieve database content from updater: error 21
2024-10-15 17:50:31,244 [INFO] ThirdParty:978 - Integrity check success = false
2024-10-15 17:50:31,245 [INFO] IntegrityCheckThread:100 - exiting critical section [integrity check]
2024-10-15 17:50:31,246 [INFO] IntegrityCheckThread:103 - End integrity checks thread
2024-10-15 17:50:31,447 [FATAL] Updater:334 - Updater called before beeing initialized
2024-10-15 17:50:31,459 [FATAL] Updater:334 - Updater called before beeing initialized
2024-10-15 17:50:31,461 [FATAL] Updater:334 - Updater called before beeing initialized
2024-10-15 17:50:31,461 [WARN] DetailPanel:346 - Failed to get advertising image, set to default
2024-10-15 17:50:31,475 [FATAL] Updater:334 - Updater called before beeing initialized
2024-10-15 17:50:32,003 [ERROR] Updater:1164 - MainUpdater not yet initialized. External WinMGr cannot be set.
2024-10-15 17:50:32,015 [INFO] Updater:1100 - Updater Version found : 6.12.0
2024-10-15 17:50:32,151 [INFO] ApplicationProperties:184 - Using Application install path: S:\STM32CubeIDE_1.16.0\STM32CubeIDE\plugins\com.st.stm32cube.common.mx_6.12.0.202406281431
2024-10-15 17:50:33,797 [ERROR] LogOutputStream:75 - [STDERR_REDIRECT] Oct 15, 2024 5:50:33 PM java.util.prefs.WindowsPreferences <init>
2024-10-15 17:50:33,808 [ERROR] LogOutputStream:75 - [STDERR_REDIRECT] WARNING: Could not open/create prefs root node Software\JavaSoft\Prefs at root 0xffffffff80000002. Windows RegCreateKeyEx(...) returned error code 5.
2024-10-15 17:50:33,809 [ERROR] LogOutputStream:75 - [STDERR_REDIRECT] 
2024-10-15 17:50:35,046 [INFO] MainUpdater:2873 - connection check result : 10
2024-10-15 17:50:35,048 [INFO] MainUpdater:290 - Updater Check For Update Now.
2024-10-15 17:50:35,049 [INFO] MicroXplorer:498 - Change Database Version : DB.6.0.120
2024-10-15 17:50:35,080 [INFO] McuFinderGlobals:63 - Set McuFinder mode to 2 (CubeIDE integrated)
2024-10-15 17:50:35,083 [INFO] UserAuth:417 - Internet connection configuration mode: 1
2024-10-15 17:50:35,159 [INFO] JxBrowserEngine:152 - Initiate JxBrowser Engine with user profile folder
2024-10-15 17:50:36,367 [INFO] CheckServerUpdateThread:120 - End of CheckServer Thread
2024-10-15 17:50:39,750 [ERROR] LogOutputStream:75 - [STDERR_REDIRECT] 
2024-10-15 17:50:39,755 [ERROR] LogOutputStream:75 - [STDERR_REDIRECT] 
2024-10-15 17:51:03,307 [INFO] Activator:176 - 


2024-10-15 17:51:03,313 [INFO] Activator:177 - !SESSION log4j initialized
2024-10-15 17:51:10,111 [INFO] LogOutputStream:77 - [STDOUT_REDIRECT] 
2024-10-15 17:51:18,177 [INFO] ApplicationProperties:184 - Using Application install path: S:\STM32CubeIDE_1.16.0\STM32CubeIDE\plugins\com.st.stm32cube.common.mx_6.12.0.202406281431
2024-10-15 17:51:18,252 [INFO] DbMcusXml:78 - Set database path to: S:\STM32CubeIDE_1.16.0\STM32CubeIDE\plugins\com.st.stm32cube.common.mx_6.12.0.202406281431\\db\/mcu/
2024-10-15 17:51:18,253 [INFO] ApiDb:274 - Set plugin database path to: S:\STM32CubeIDE_1.16.0\STM32CubeIDE\plugins\com.st.stm32cube.common.mx_6.12.0.202406281431\\db\/plugins/boardmanager/
2024-10-15 17:51:18,254 [WARN] ApiDb:259 - Overriding images path with different value:  => S:\STM32CubeIDE_1.16.0\STM32CubeIDE\plugins\com.st.stm32cube.common.mx_6.12.0.202406281431\\db\/plugins/mcufinder/images/
2024-10-15 17:51:18,279 [INFO] ApiDb:250 - Set database path to: C:\Users\prude\.stmcufinder\plugins\mcufinder//mcu/
2024-10-15 17:51:18,286 [INFO] DbMcusAds:125 - Set database path to: C:\Users\prude\.stmcufinder\plugins\mcufinder//mcu/
2024-10-15 17:51:18,301 [INFO] CrossReferenceDbSqlite:203 - Set database path to: C:\Users\prude\.stmcufinder\plugins\mcufinder//mcu/cs/
2024-10-15 17:51:18,994 [INFO] RulesReader:64 - Compatibility file has been processed (297 Rules)
2024-10-15 17:51:19,522 [INFO] DbMcusXml:78 - Set database path to: S:\STM32CubeIDE_1.16.0\STM32CubeIDE\plugins\com.st.stm32cube.common.mx_6.12.0.202406281431\\db\/mcu/
2024-10-15 17:51:19,523 [INFO] ApiDb:274 - Set plugin database path to: S:\STM32CubeIDE_1.16.0\STM32CubeIDE\plugins\com.st.stm32cube.common.mx_6.12.0.202406281431\\db\/plugins/boardmanager/
2024-10-15 17:51:19,524 [INFO] ApiDb:261 - Set plugin images path to: S:\STM32CubeIDE_1.16.0\STM32CubeIDE\plugins\com.st.stm32cube.common.mx_6.12.0.202406281431\\db\/plugins/mcufinder/images/
2024-10-15 17:51:19,526 [WARN] DbFile:41 - Overriding database path with different value: C:\Users\prude\.stmcufinder\plugins\mcufinder/ => C:\Users\prude\.stmcufinder\plugins\mcufinder
2024-10-15 17:51:19,527 [INFO] ApiDb:250 - Set database path to: C:\Users\prude\.stmcufinder\plugins\mcufinder//mcu/
2024-10-15 17:51:19,528 [WARN] DbFile:41 - Overriding database path with different value: C:\Users\prude\.stmcufinder\plugins\mcufinder/ => C:\Users\prude\.stmcufinder\plugins\mcufinder
2024-10-15 17:51:19,528 [INFO] DbMcusAds:125 - Set database path to: C:\Users\prude\.stmcufinder\plugins\mcufinder//mcu/
2024-10-15 17:51:19,529 [WARN] DbFile:41 - Overriding database path with different value: C:\Users\prude\.stmcufinder\plugins\mcufinder/ => C:\Users\prude\.stmcufinder\plugins\mcufinder
2024-10-15 17:51:19,531 [WARN] DbFile:41 - Overriding database path with different value: C:\Users\prude\.stmcufinder\plugins\mcufinder/ => C:\Users\prude\.stmcufinder\plugins\mcufinder
2024-10-15 17:51:19,531 [INFO] CrossReferenceDbSqlite:203 - Set database path to: C:\Users\prude\.stmcufinder\plugins\mcufinder//mcu/cs/
2024-10-15 17:51:20,095 [INFO] MainPanel:268 - HeapMemory: 268435456
2024-10-15 17:51:20,792 [INFO] DbMcusXml:78 - Set database path to: S:\STM32CubeIDE_1.16.0\STM32CubeIDE\plugins\com.st.stm32cube.common.mx_6.12.0.202406281431\\db\/mcu/
2024-10-15 17:51:20,793 [INFO] ApiDb:274 - Set plugin database path to: S:\STM32CubeIDE_1.16.0\STM32CubeIDE\plugins\com.st.stm32cube.common.mx_6.12.0.202406281431\\db\/plugins/boardmanager/
2024-10-15 17:51:20,795 [INFO] ApiDb:261 - Set plugin images path to: S:\STM32CubeIDE_1.16.0\STM32CubeIDE\plugins\com.st.stm32cube.common.mx_6.12.0.202406281431\\db\/plugins/mcufinder/images/
2024-10-15 17:51:20,798 [WARN] DbFile:41 - Overriding database path with different value: C:\Users\prude\.stmcufinder\plugins\mcufinder/ => C:\Users\prude\.stmcufinder\plugins\mcufinder
2024-10-15 17:51:20,800 [INFO] ApiDb:250 - Set database path to: C:\Users\prude\.stmcufinder\plugins\mcufinder//mcu/
2024-10-15 17:51:20,800 [WARN] DbFile:41 - Overriding database path with different value: C:\Users\prude\.stmcufinder\plugins\mcufinder/ => C:\Users\prude\.stmcufinder\plugins\mcufinder
2024-10-15 17:51:20,801 [INFO] DbMcusAds:125 - Set database path to: C:\Users\prude\.stmcufinder\plugins\mcufinder//mcu/
2024-10-15 17:51:20,802 [WARN] DbFile:41 - Overriding database path with different value: C:\Users\prude\.stmcufinder\plugins\mcufinder/ => C:\Users\prude\.stmcufinder\plugins\mcufinder
2024-10-15 17:51:20,803 [WARN] DbFile:41 - Overriding database path with different value: C:\Users\prude\.stmcufinder\plugins\mcufinder/ => C:\Users\prude\.stmcufinder\plugins\mcufinder
2024-10-15 17:51:20,804 [INFO] CrossReferenceDbSqlite:203 - Set database path to: C:\Users\prude\.stmcufinder\plugins\mcufinder//mcu/cs/
2024-10-15 17:51:20,952 [INFO] ApplicationProperties:184 - Using Application install path: S:\STM32CubeIDE_1.16.0\STM32CubeIDE\plugins\com.st.stm32cube.common.mx_6.12.0.202406281431
2024-10-15 17:51:20,968 [INFO] PluginManage:196 - Search for loadable plugins [exclusion list=, ]
2024-10-15 17:51:20,982 [INFO] PluginManage:310 - Check plugin analytics
2024-10-15 17:51:25,452 [INFO] AnalyticsPlugin:253 - Accepted Software Licenses: STM32CubeMX.6.12.0
2024-10-15 17:51:25,453 [INFO] AnalyticsPlugin:255 - Accepted CMSIS Pack Licenses: 
2024-10-15 17:51:25,455 [INFO] AnalyticsPlugin:257 - Accepted Firmware Licenses: FW.H7.1.11.0,FW.F4.1.28.0
2024-10-15 17:51:25,485 [INFO] PluginManage:359 - Loaded plugin analytics (category:tool,tabindex:-1)
2024-10-15 17:51:25,486 [INFO] PluginManage:310 - Check plugin cadmodel
2024-10-15 17:51:25,502 [INFO] CADModel:105 - Init CAD model plugin
2024-10-15 17:51:25,503 [INFO] PluginManage:359 - Loaded plugin cadmodel (category:power,tabindex:5)
2024-10-15 17:51:25,505 [INFO] PluginManage:310 - Check plugin clock
2024-10-15 17:51:25,589 [INFO] PluginManage:359 - Loaded plugin clock (category:base,tabindex:2)
2024-10-15 17:51:25,589 [INFO] PluginManage:310 - Check plugin ddr
2024-10-15 17:51:25,600 [INFO] PluginManage:359 - Loaded plugin ddr (category:tool,tabindex:6)
2024-10-15 17:51:25,603 [INFO] PluginManage:310 - Check plugin filemanager
2024-10-15 17:51:26,563 [INFO] PluginManage:359 - Loaded plugin filemanager (category:base,tabindex:10)
2024-10-15 17:51:26,566 [INFO] PluginManage:310 - Check plugin ipmanager
2024-10-15 17:51:26,959 [INFO] PluginManage:359 - Loaded plugin ipmanager (category:base,tabindex:5)
2024-10-15 17:51:26,961 [INFO] PluginManage:310 - Check plugin lpbam
2024-10-15 17:51:27,015 [INFO] PluginManage:359 - Loaded plugin lpbam (category:base,tabindex:0)
2024-10-15 17:51:27,016 [INFO] PluginManage:310 - Check plugin memorymap
2024-10-15 17:51:27,114 [INFO] PluginManage:359 - Loaded plugin memorymap (category:base,tabindex:4)
2024-10-15 17:51:27,115 [INFO] PluginManage:310 - Check plugin pinoutandconfiguration
2024-10-15 17:51:27,173 [INFO] PluginManage:359 - Loaded plugin pinoutandconfiguration (category:base,tabindex:1)
2024-10-15 17:51:27,173 [INFO] PluginManage:310 - Check plugin pinoutconfig
2024-10-15 17:51:27,943 [WARN] SupportedApi:132 - Cannot load RTOS API schema: s4s-elt-must-match.1: The content of 'definitions' must match (annotation?, (simpleType | complexType)?, (unique | key | keyref)*)). A problem was found starting at: attribute.
2024-10-15 17:51:29,143 [INFO] PluginManage:359 - Loaded plugin pinoutconfig (category:base,tabindex:0)
2024-10-15 17:51:29,143 [INFO] PluginManage:310 - Check plugin power
2024-10-15 17:51:29,183 [INFO] PluginManage:359 - Loaded plugin power (category:power,tabindex:4)
2024-10-15 17:51:29,185 [INFO] PluginManage:310 - Check plugin projectmanager
2024-10-15 17:51:29,284 [INFO] PluginManage:359 - Loaded plugin projectmanager (category:projectmanager,tabindex:4)
2024-10-15 17:51:29,284 [INFO] PluginManage:310 - Check plugin rif
2024-10-15 17:51:29,298 [INFO] PluginManage:359 - Loaded plugin rif (category:base,tabindex:3)
2024-10-15 17:51:29,299 [INFO] PluginManage:310 - Check plugin thirdparty
